-------------------------------------------------------
      name:  <unnamed>
       log:  /Users/Boo Boo/Downloads/ECON 314/Command-
> Files/Analysis.log
  log type:  text
 opened on:  21 Jun 2020, 11:23:13

. 
. //CALIFORNIA 
. 
. //2012
. use "Analysis-Data/censusCA2012.dta"

. 
. codebook, compact

Variable     Obs Unique      Mean   Min     Max  Label
-------------------------------------------------------
st         11224      1         6     6       6  Sta...
agep       11224     70  48.26158    21      93  Age
cit        11224      5  1.984319     1       5  Cit...
schl       11224      3  22.47416    22      24  Edu...
sex        11224      2  1.490289     1       2  Sex
wagp       11224    582  73246.97     0  403000  Wag...
yoep        3325     69  1990.213  1943    2012  Yea...
nativity   11224      2  1.281272     1       2  Nat...
occp       11224     72  2003.428  1005    2920  Occ...
powsp       9107     31  6.600637     4     399  Pla...
comm       11224      2  .7427833     0       1  =1 ...
skimm      11224      2  .1120813     0       1  =1 ...
-------------------------------------------------------

. reg comm skimm, r

Linear regression                               Number 
> of obs     =     11,224
                                                F(1, 11
> 222)       =     649.17
                                                Prob > 
> F          =     0.0000
                                                R-squar
> ed         =     0.0710
                                                Root MS
> E          =     .42133

-------------------------------------------------------
> -----------------------
             |               Robust
        comm |      Coef.   Std. Err.      t    P>|t|  
>    [95% Con                                          
>            f. Interval]
-------------+-----------------------------------------
> -----------------------
       skimm |  -.3692218   .0144913   -25.48   0.000  
>   -.3976273                                          
>               -.3408163
       _cons |   .7841662   .0041214   190.27   0.000  
>    .7760875                                          
>                .7922448
-------------------------------------------------------
> -----------------------

. outreg2 using Output/ca12.xls, replace
Output/ca12.xls
dir : seeout

. reg comm skimm yoep, r

Linear regression                               Number 
> of obs     =      3,325
                                                F(2, 33
> 22)        =     102.54
                                                Prob > 
> F          =     0.0000
                                                R-squar
> ed         =     0.0515
                                                Root MS
> E          =     .48715

-------------------------------------------------------
> -----------------------
             |               Robust
        comm |      Coef.   Std. Err.      t    P>|t|  
>    [95% Con                                          
>            f. Interval]
-------------+-----------------------------------------
> -----------------------
       skimm |   .0253959   .0219818     1.16   0.248  
>   -.0177033                                          
>                .0684951
        yoep |  -.0083799   .0006963   -12.04   0.000  
>   -.0097451                                          
>               -.0070148
       _cons |   17.16298   1.379918    12.44   0.000  
>    14.45741                                          
>                19.86856
-------------------------------------------------------
> -----------------------

. outreg2 using Output/ca12.xls, append
Output/ca12.xls
dir : seeout

. reg comm skimm yoep agep, r

Linear regression                               Number 
> of obs     =      3,325
                                                F(3, 33
> 21)        =      69.06
                                                Prob > 
> F          =     0.0000
                                                R-squar
> ed         =     0.0522
                                                Root MS
> E          =     .48705

-------------------------------------------------------
> -----------------------
             |               Robust
        comm |      Coef.   Std. Err.      t    P>|t|  
>    [95% Con                                          
>            f. Interval]
-------------+-----------------------------------------
> -----------------------
       skimm |   .0244679   .0220301     1.11   0.267  
>    -.018726                                          
>                .0676619
        yoep |  -.0091616   .0008681   -10.55   0.000  
>   -.0108637                                          
>               -.0074595
        agep |  -.0014122   .0009378    -1.51   0.132  
>   -.0032509                                          
>                .0004265
       _cons |   18.78233   1.748364    10.74   0.000  
>    15.35435                                          
>                22.21031
-------------------------------------------------------
> -----------------------

. outreg2 using Output/ca12.xls, append
Output/ca12.xls
dir : seeout

. 
. //2017
. clear

. set more off

. 
. use "Analysis-Data/censusCA2017.dta"

. 
. codebook, compact

Variable     Obs Unique      Mean   Min     Max  Label
-------------------------------------------------------
st         13084      1         6     6       6  Sta...
agep       13084     71   47.7954    21      94  Age
cit        13084      5  2.103485     1       5  Cit...
schl       13084      3   22.4734    22      24  Edu...
sex        13084      2   1.48502     1       2  Sex
wagp       13084    583  86423.19     0  493000  Wag...
yoep        4310     72  1995.494  1935    2017  Yea...
nativity   13084      2   1.31229     1       2  Nat...
occp       13084     71  1968.463  1005    2920  Occ...
powsp      10756     30  6.465043     2     399  Pla...
comm       13084      2  .7112504     0       1  =1 ...
skimm      13084      2  .1346683     0       1  =1 ...
-------------------------------------------------------

. reg comm skimm, r

Linear regression                               Number 
> of obs     =     13,084
                                                F(1, 13
> 082)       =    1243.53
                                                Prob > 
> F          =     0.0000
                                                R-squar
> ed         =     0.1016
                                                Root MS
> E          =     .42957

-------------------------------------------------------
> -----------------------
             |               Robust
        comm |      Coef.   Std. Err.      t    P>|t|  
>    [95% Con                                          
>            f. Interval]
-------------+-----------------------------------------
> -----------------------
       skimm |  -.4231764   .0120003   -35.26   0.000  
>   -.4466988                                          
>                -.399654
       _cons |   .7682388   .0039659   193.71   0.000  
>    .7604651                                          
>                .7760125
-------------------------------------------------------
> -----------------------

. outreg2 using Output/ca17.xls, replace
Output/ca17.xls
dir : seeout

. reg comm skimm yoep, r

Linear regression                               Number 
> of obs     =      4,310
                                                F(2, 43
> 07)        =     173.16
                                                Prob > 
> F          =     0.0000
                                                R-squar
> ed         =     0.0691
                                                Root MS
> E          =     .48098

-------------------------------------------------------
> -----------------------
             |               Robust
        comm |      Coef.   Std. Err.      t    P>|t|  
>    [95% Con                                          
>            f. Interval]
-------------+-----------------------------------------
> -----------------------
       skimm |   -.032918   .0199625    -1.65   0.099  
>   -.0720548                                          
>                .0062187
        yoep |  -.0078023   .0006176   -12.63   0.000  
>   -.0090131                                          
>               -.0065915
       _cons |   16.04227   1.226506    13.08   0.000  
>    13.63769                                          
>                18.44686
-------------------------------------------------------
> -----------------------

. outreg2 using Output/ca17.xls, append
Output/ca17.xls
dir : seeout

. reg comm skimm yoep agep, r

Linear regression                               Number 
> of obs     =      4,310
                                                F(3, 43
> 06)        =     116.19
                                                Prob > 
> F          =     0.0000
                                                R-squar
> ed         =     0.0693
                                                Root MS
> E          =       .481

-------------------------------------------------------
> -----------------------
             |               Robust
        comm |      Coef.   Std. Err.      t    P>|t|  
>    [95% Con                                          
>            f. Interval]
-------------+-----------------------------------------
> -----------------------
       skimm |  -.0321911   .0200035    -1.61   0.108  
>   -.0714084                                          
>                .0070261
        yoep |  -.0074393    .000776    -9.59   0.000  
>   -.0089607                                          
>                -.005918
        agep |   .0006532   .0008385     0.78   0.436  
>   -.0009907                                          
>                 .002297
       _cons |   15.28852   1.566876     9.76   0.000  
>    12.21663                                          
>                 18.3604
-------------------------------------------------------
> -----------------------

. outreg2 using Output/ca17.xls, append
Output/ca17.xls
dir : seeout

. 
. //NEW YORK
. 
. //2012
. clear

. set more off

. 
. use "Analysis-Data/censusNY2012.dta"

. 
. codebook, compact

Variable    Obs Unique      Mean   Min     Max  Label
-------------------------------------------------------
st         8163      1        36    36      36  Stat...
agep       8163     72  47.40108    20      94  Age
cit        8163      5  1.574176     1       5  Citi...
schl       8163      3  22.35146    22      24  Educ...
sex        8163      2  1.596104     1       2  Sex
wagp       8163    557     64499     0  504000  Wage...
yoep       1462     74  1987.749  1928    2012  Year...
nativity   8163      2  1.165013     1       2  Nati...
occp       8163     70  2159.782  1005    2920  Occu...
powsp      6733     23  36.09342     6     399  Plac...
comm       8163      2  .8881539     0       1  =1 i...
skimm      8163      2  .0550043     0       1  =1 i...
-------------------------------------------------------

. reg comm skimm, r

Linear regression                               Number 
> of obs     =      8,163
                                                F(1, 81
> 61)        =      83.15
                                                Prob > 
> F          =     0.0000
                                                R-squar
> ed         =     0.0209
                                                Root MS
> E          =     .31191

-------------------------------------------------------
> -----------------------
             |               Robust
        comm |      Coef.   Std. Err.      t    P>|t|  
>    [95% Con                                          
>            f. Interval]
-------------+-----------------------------------------
> -----------------------
       skimm |  -.1998126   .0219129    -9.12   0.000  
>   -.2427674                                          
>               -.1568578
       _cons |   .8991444   .0034291   262.21   0.000  
>    .8924225                                          
>                .9058663
-------------------------------------------------------
> -----------------------

. outreg2 using Output/ny12.xls, replace
Output/ny12.xls
dir : seeout

. reg comm skimm yoep, r

Linear regression                               Number 
> of obs     =      1,462
                                                F(2, 14
> 59)        =      35.34
                                                Prob > 
> F          =     0.0000
                                                R-squar
> ed         =     0.0345
                                                Root MS
> E          =     .42533

-------------------------------------------------------
> -----------------------
             |               Robust
        comm |      Coef.   Std. Err.      t    P>|t|  
>    [95% Con                                          
>            f. Interval]
-------------+-----------------------------------------
> -----------------------
       skimm |   .0264256   .0292284     0.90   0.366  
>   -.0309085                                          
>                .0837597
        yoep |  -.0054762   .0007186    -7.62   0.000  
>   -.0068858                                          
>               -.0040666
       _cons |   11.62823   1.420707     8.18   0.000  
>    8.841382                                          
>                14.41507
-------------------------------------------------------
> -----------------------

. outreg2 using Output/ny12.xls, append
Output/ny12.xls
dir : seeout

. reg comm skimm yoep agep, r

Linear regression                               Number 
> of obs     =      1,462
                                                F(3, 14
> 58)        =      23.74
                                                Prob > 
> F          =     0.0000
                                                R-squar
> ed         =     0.0349
                                                Root MS
> E          =     .42539

-------------------------------------------------------
> -----------------------
             |               Robust
        comm |      Coef.   Std. Err.      t    P>|t|  
>    [95% Con                                          
>            f. Interval]
-------------+-----------------------------------------
> -----------------------
       skimm |   .0266604   .0292997     0.91   0.363  
>   -.0308136                                          
>                .0841344
        yoep |  -.0059253   .0009464    -6.26   0.000  
>   -.0077817                                          
>               -.0040688
        agep |  -.0008119   .0010491    -0.77   0.439  
>   -.0028698                                          
>                .0012461
       _cons |   12.55864   1.906776     6.59   0.000  
>    8.818327                                          
>                16.29896
-------------------------------------------------------
> -----------------------

. outreg2 using Output/ny12.xls, append
Output/ny12.xls
dir : seeout

. 
. //2017
. clear

. set more off

. 
. use "Analysis-Data/censusNY2017.dta"

. 
. codebook, compact

Variable    Obs Unique      Mean   Min     Max  Label
-------------------------------------------------------
st         9018      1        36    36      36  Stat...
agep       9018     71  48.12808    22      95  Age
cit        9018      5   1.61477     1       5  Citi...
schl       9018      3  22.38268    22      24  Educ...
sex        9018      2  1.586161     1       2  Sex
wagp       9018    570  74111.33     0  638000  Wage...
yoep       1713     76  1993.066  1939    2017  Year...
nativity   9018      2  1.173874     1       2  Nati...
occp       9018     70  2153.356  1005    2920  Occu...
powsp      7562     23  36.08754     6     399  Plac...
comm       9018      2  .8823464     0       1  =1 i...
skimm      9018      2  .0644267     0       1  =1 i...
-------------------------------------------------------

. reg comm skimm, r

Linear regression                               Number 
> of obs     =      9,018
                                                F(1, 90
> 16)        =      96.70
                                                Prob > 
> F          =     0.0000
                                                R-squar
> ed         =     0.0207
                                                Root MS
> E          =     .31888

-------------------------------------------------------
> -----------------------
             |               Robust
        comm |      Coef.   Std. Err.      t    P>|t|  
>    [95% Con                                          
>            f. Interval]
-------------+-----------------------------------------
> -----------------------
       skimm |  -.1888324   .0192028    -9.83   0.000  
>   -.2264742                                          
>               -.1511906
       _cons |   .8945123   .0033446   267.45   0.000  
>     .887956                                          
>                .9010685
-------------------------------------------------------
> -----------------------

. outreg2 using Output/ny17.xls, replace
Output/ny17.xls
dir : seeout

. reg comm skimm yoep, r

Linear regression                               Number 
> of obs     =      1,713
                                                F(2, 17
> 10)        =      16.76
                                                Prob > 
> F          =     0.0000
                                                R-squar
> ed         =     0.0165
                                                Root MS
> E          =     .42596

-------------------------------------------------------
> -----------------------
             |               Robust
        comm |      Coef.   Std. Err.      t    P>|t|  
>    [95% Con                                          
>            f. Interval]
-------------+-----------------------------------------
> -----------------------
       skimm |   -.015442   .0272345    -0.57   0.571  
>   -.0688584                                          
>                .0379744
        yoep |  -.0031139   .0007034    -4.43   0.000  
>   -.0044935                                          
>               -.0017343
       _cons |   6.968081   1.395162     4.99   0.000  
>    4.231677                                          
>                9.704485
-------------------------------------------------------
> -----------------------

. outreg2 using Output/ny17.xls, append
Output/ny17.xls
dir : seeout

. reg comm skimm yoep agep, r

Linear regression                               Number 
> of obs     =      1,713
                                                F(3, 17
> 09)        =      11.80
                                                Prob > 
> F          =     0.0000
                                                R-squar
> ed         =     0.0169
                                                Root MS
> E          =       .426

-------------------------------------------------------
> -----------------------
             |               Robust
        comm |      Coef.   Std. Err.      t    P>|t|  
>    [95% Con                                          
>            f. Interval]
-------------+-----------------------------------------
> -----------------------
       skimm |  -.0150108   .0273253    -0.55   0.583  
>   -.0686055                                          
>                .0385838
        yoep |   -.003584   .0008818    -4.06   0.000  
>   -.0053135                                          
>               -.0018544
        agep |  -.0008362    .000952    -0.88   0.380  
>   -.0027034                                          
>                .0010309
       _cons |    7.94358   1.778234     4.47   0.000  
>    4.455836                                          
>                11.43132
-------------------------------------------------------
> -----------------------

. outreg2 using Output/ny17.xls, append
Output/ny17.xls
dir : seeout

. 
. log close
      name:  <unnamed>
       log:  /Users/Boo Boo/Downloads/ECON 314/Command-
> Files/Analysis.log
  log type:  text
 closed on:  21 Jun 2020, 11:23:15
-------------------------------------------------------
